TN:
SF:src/components/Button.jsx
FN:4,Button
FNF:1
FNH:1
FNDA:1,Button
DA:1,1
DA:2,1
DA:3,1
DA:4,1
DA:5,1
DA:6,1
DA:7,1
DA:8,1
DA:9,1
DA:10,1
DA:11,1
DA:12,1
LF:12
LH:12
BRDA:4,0,0,1
BRF:1
BRH:1
end_of_record
TN:
SF:src/components/Color.jsx
FN:7,Color
FN:12,onClick
FN:15,onRate
FNF:3
FNH:1
FNDA:3,Color
FNDA:0,onClick
FNDA:0,onRate
DA:1,1
DA:2,1
DA:3,1
DA:4,1
DA:5,1
DA:6,1
DA:7,3
DA:8,3
DA:9,3
DA:10,3
DA:11,3
DA:12,3
DA:13,3
DA:14,3
DA:15,3
DA:16,3
DA:17,3
DA:18,3
DA:19,1
DA:20,1
DA:21,1
DA:22,1
DA:23,1
DA:24,1
DA:25,1
DA:26,1
DA:27,1
DA:28,1
LF:28
LH:28
BRDA:7,0,0,3
BRF:1
BRH:1
end_of_record
TN:
SF:src/components/Star.jsx
FN:3,Star
FNF:1
FNH:0
FNDA:0,Star
DA:1,1
DA:2,1
DA:3,1
DA:4,0
DA:5,0
DA:6,0
DA:7,0
DA:8,0
DA:9,0
LF:9
LH:3
BRF:0
BRH:0
end_of_record
TN:
SF:src/components/StarRatting.jsx
FN:4,createArray
FN:6,StarRatting
FN:6,StarRatting.onRate
FNF:3
FNH:1
FNDA:0,createArray
FNDA:5,StarRatting
FNDA:0,StarRatting.onRate
DA:1,1
DA:2,1
DA:3,1
DA:4,1
DA:5,1
DA:6,5
DA:7,5
DA:8,5
DA:9,5
DA:10,5
DA:11,5
DA:12,5
DA:13,5
DA:14,5
DA:15,5
DA:16,5
DA:17,1
DA:18,1
DA:19,1
DA:20,1
DA:21,1
DA:22,1
DA:23,1
DA:24,1
DA:25,1
DA:26,1
LF:26
LH:26
BRDA:6,0,0,5
BRDA:6,1,0,4
BRDA:6,2,0,0
BRDA:6,3,0,0
BRDA:6,4,0,4
BRF:5
BRH:3
end_of_record
TN:
SF:src/components/Title.jsx
FN:4,Title
FNF:1
FNH:1
FNDA:1,Title
DA:1,1
DA:2,1
DA:3,1
DA:4,1
DA:5,1
DA:6,1
DA:7,1
DA:8,1
DA:9,1
DA:10,1
DA:11,1
DA:12,1
DA:13,1
DA:14,1
DA:15,1
DA:16,1
DA:17,1
DA:18,1
LF:18
LH:18
BRDA:4,0,0,1
BRF:1
BRH:1
end_of_record
